[12:31:53] [ServerMain/INFO]: [bootstrap] Running Java 21 (OpenJDK 64-Bit Server VM 21.0.7+6-Ubuntu-0ubuntu120.04; Ubuntu null) on Linux 6.8.0-1027-azure (amd64)
[12:31:53] [ServerMain/INFO]: [bootstrap] Loading Paper 1.21.4-231-ver/1.21.4@09e9afd (2025-05-19T17:59:36Z) for Minecraft 1.21.4
[12:31:53] [ServerMain/INFO]: [PluginInitializerManager] Initializing plugins...
[12:31:53] [ServerMain/INFO]: [PluginInitializerManager] Initialized 0 plugins
[12:31:54] [Paper Plugin Remapper Thread - 0/INFO]: [ReobfServer] Remapping server...
[12:32:02] [ServerMain/INFO]: Environment: Environment[sessionHost=https://sessionserver.mojang.com, servicesHost=https://api.minecraftservices.com, name=PROD]
[12:32:02] [ServerMain/INFO]: Found new data pack file/bukkit, loading it automatically
[12:32:02] [ServerMain/INFO]: Found new data pack paper, loading it automatically
[12:32:03] [Paper Plugin Remapper Thread - 0/INFO]: [ReobfServer] Done remapping server in 8879ms.
[12:32:04] [ServerMain/INFO]: No existing world data, creating new world
[12:32:05] [ServerMain/INFO]: Loaded 1370 recipes
[12:32:05] [ServerMain/INFO]: Loaded 1481 advancements
[12:32:05] [ServerMain/INFO]: [MCTypeRegistry] Initialising converters for DataConverter...
[12:32:06] [ServerMain/INFO]: [MCTypeRegistry] Finished initialising converters for DataConverter in 321.0ms
[12:32:06] [Server thread/INFO]: Starting minecraft server version 1.21.4
[12:32:06] [Server thread/INFO]: Loading properties
[12:32:06] [Server thread/INFO]: This server is running Paper version 1.21.4-231-ver/1.21.4@09e9afd (2025-05-19T17:59:36Z) (Implementing API version 1.21.4-R0.1-SNAPSHOT)
[12:32:06] [Server thread/INFO]: [spark] This server bundles the spark profiler. For more information please visit https://docs.papermc.io/paper/profiling
[12:32:06] [Server thread/INFO]: Server Ping Player Sample Count: 12
[12:32:06] [Server thread/INFO]: Using 4 threads for Netty based IO
[12:32:07] [Server thread/INFO]: [MoonriseCommon] Paper is using 1 worker threads, 1 I/O threads
[12:32:07] [Server thread/INFO]: [ChunkTaskScheduler] Chunk system is using population gen parallelism: true
[12:32:07] [Server thread/INFO]: Default game type: SURVIVAL
[12:32:07] [Server thread/INFO]: Generating keypair
[12:32:07] [Server thread/INFO]: Starting Minecraft server on *:25565
[12:32:07] [Server thread/INFO]: Using epoll channel type
[12:32:07] [Server thread/INFO]: Paper: Using libdeflate (Linux x86_64) compression from Velocity.
[12:32:07] [Server thread/INFO]: Paper: Using OpenSSL 1.1.x (Linux x86_64) cipher from Velocity.
[12:32:07] [Server thread/INFO]: Preparing level "world"
[12:32:18] [Server thread/INFO]: Preparing start region for dimension minecraft:overworld
[12:32:18] [Server thread/INFO]: Preparing spawn area: 2%
[12:32:18] [Server thread/INFO]: Preparing spawn area: 2%
[12:32:19] [Server thread/INFO]: Preparing spawn area: 2%
[12:32:19] [Server thread/INFO]: Preparing spawn area: 2%
[12:32:20] [Server thread/INFO]: Preparing spawn area: 2%
[12:32:20] [Server thread/INFO]: Preparing spawn area: 18%
[12:32:21] [Server thread/INFO]: Preparing spawn area: 18%
[12:32:21] [Server thread/INFO]: Preparing spawn area: 24%
[12:32:22] [Server thread/INFO]: Preparing spawn area: 51%
[12:32:22] [Server thread/INFO]: Preparing spawn area: 51%
[12:32:23] [Server thread/INFO]: Preparing spawn area: 51%
[12:32:23] [Server thread/INFO]: Time elapsed: 5493 ms
[12:32:23] [Server thread/INFO]: Preparing start region for dimension minecraft:the_nether
[12:32:23] [Server thread/INFO]: Preparing spawn area: 8%
[12:32:24] [Server thread/INFO]: Preparing spawn area: 18%
[12:32:24] [Server thread/INFO]: Preparing spawn area: 51%
[12:32:25] [Server thread/INFO]: Time elapsed: 1422 ms
[12:32:25] [Server thread/INFO]: Preparing start region for dimension minecraft:the_end
[12:32:25] [Server thread/INFO]: Preparing spawn area: 2%
[12:32:25] [Server thread/INFO]: Time elapsed: 472 ms
[12:32:25] [Server thread/INFO]: [spark] Starting background profiler...
[12:32:25] [Server thread/INFO]: Done preparing level "world" (18.232s)
[12:32:25] [Server thread/INFO]: Running delayed init tasks
[12:32:25] [Server thread/INFO]: Done (33.651s)! For help, type "help"
[12:32:25] [Server thread/INFO]: *************************************************************************************
[12:32:25] [Server thread/INFO]: This is the first time you're starting this server.
[12:32:25] [Server thread/INFO]: It's recommended you read our 'Getting Started' documentation for guidance.
[12:32:25] [Server thread/INFO]: View this and more helpful information here: https://docs.papermc.io/paper/next-steps
[12:32:25] [Server thread/INFO]: *************************************************************************************
[12:32:32] [Server thread/INFO]: Stopping the server
[12:32:32] [Server thread/INFO]: Stopping server
[12:32:32] [Server thread/INFO]: Saving players
[12:32:32] [Server thread/INFO]: Saving worlds
[12:32:32] [Server thread/INFO]: Saving chunks for level 'ServerLevel[world]'/minecraft:overworld
[12:32:32] [Server thread/INFO]: [ChunkHolderManager] Waiting 60s for chunk system to halt for world 'world'
[12:32:32] [Server thread/INFO]: [ChunkHolderManager] Halted chunk system for world 'world'
[12:32:32] [Server thread/INFO]: [ChunkHolderManager] Saving all chunkholders for world 'world'
[12:32:33] [Server thread/INFO]: [ChunkHolderManager] Saved 841 block chunks, 49 entity chunks, 0 poi chunks in world 'world' in 0.95s
[12:32:33] [Server thread/INFO]: [ChunkHolderManager] Waiting 60s for chunk I/O to halt for world 'world'
[12:32:33] [Server thread/INFO]: [ChunkHolderManager] Halted I/O scheduler for world 'world'
[12:32:33] [Server thread/INFO]: Saving chunks for level 'ServerLevel[world_nether]'/minecraft:the_nether
[12:32:33] [Server thread/INFO]: [ChunkHolderManager] Waiting 60s for chunk system to halt for world 'world_nether'
[12:32:33] [Server thread/INFO]: [ChunkHolderManager] Halted chunk system for world 'world_nether'
[12:32:33] [Server thread/INFO]: [ChunkHolderManager] Saving all chunkholders for world 'world_nether'
[12:32:34] [Server thread/INFO]: [ChunkHolderManager] Saved 841 block chunks, 49 entity chunks, 0 poi chunks in world 'world_nether' in 0.37s
[12:32:34] [Server thread/INFO]: [ChunkHolderManager] Waiting 60s for chunk I/O to halt for world 'world_nether'
[12:32:34] [Server thread/INFO]: [ChunkHolderManager] Halted I/O scheduler for world 'world_nether'
[12:32:34] [Server thread/INFO]: Saving chunks for level 'ServerLevel[world_the_end]'/minecraft:the_end
[12:32:34] [Server thread/INFO]: [ChunkHolderManager] Waiting 60s for chunk system to halt for world 'world_the_end'
[12:32:34] [Server thread/INFO]: [ChunkHolderManager] Halted chunk system for world 'world_the_end'
[12:32:34] [Server thread/INFO]: [ChunkHolderManager] Saving all chunkholders for world 'world_the_end'
[12:32:34] [Server thread/INFO]: [ChunkHolderManager] Saved 841 block chunks, 49 entity chunks, 0 poi chunks in world 'world_the_end' in 0.29s
[12:32:34] [Server thread/INFO]: [ChunkHolderManager] Waiting 60s for chunk I/O to halt for world 'world_the_end'
[12:32:34] [Server thread/INFO]: [ChunkHolderManager] Halted I/O scheduler for world 'world_the_end'
[12:32:34] [Server thread/INFO]: ThreadedAnvilChunkStorage (world): All chunks are saved
[12:32:34] [Server thread/INFO]: ThreadedAnvilChunkStorage (DIM-1): All chunks are saved
[12:32:34] [Server thread/INFO]: ThreadedAnvilChunkStorage (DIM1): All chunks are saved
[12:32:34] [Server thread/INFO]: ThreadedAnvilChunkStorage: All dimensions are saved
[12:32:34] [Server thread/INFO]: Waiting for I/O tasks to complete...
[12:32:34] [Server thread/INFO]: All I/O tasks to complete
[12:32:34] [Server thread/INFO]: [MoonriseCommon] Awaiting termination of worker pool for up to 60s...
[12:32:34] [Server thread/INFO]: [MoonriseCommon] Awaiting termination of I/O pool for up to 60s...
